Determining if the pthread_create exist failed with the following output:
Change Dir: /home/ieisw/inference_engine_samples/CMakeFiles/CMakeTmp

Run Build Command:"/usr/bin/make" "cmTC_bdc44/fast"
/usr/bin/make -f CMakeFiles/cmTC_bdc44.dir/build.make CMakeFiles/cmTC_bdc44.dir/build
make[1]: Entering directory '/home/ieisw/inference_engine_samples/CMakeFiles/CMakeTmp'
Building C object CMakeFiles/cmTC_bdc44.dir/CheckSymbolExists.c.o
/usr/bin/cc    -std=c++11   -o CMakeFiles/cmTC_bdc44.dir/CheckSymbolExists.c.o   -c /home/ieisw/inference_engine_samples/CMakeFiles/CMakeTmp/CheckSymbolExists.c
cc1: warning: command line option ‘-std=c++11’ is valid for C++/ObjC++ but not for C
Linking C executable cmTC_bdc44
/usr/bin/cmake -E cmake_link_script CMakeFiles/cmTC_bdc44.dir/link.txt --verbose=1
/usr/bin/cc   -std=c++11    CMakeFiles/cmTC_bdc44.dir/CheckSymbolExists.c.o  -o cmTC_bdc44 -rdynamic 
CMakeFiles/cmTC_bdc44.dir/CheckSymbolExists.c.o: In function `main':
CheckSymbolExists.c:(.text+0x16): undefined reference to `pthread_create'
collect2: error: ld returned 1 exit status
CMakeFiles/cmTC_bdc44.dir/build.make:97: recipe for target 'cmTC_bdc44' failed
make[1]: *** [cmTC_bdc44] Error 1
make[1]: Leaving directory '/home/ieisw/inference_engine_samples/CMakeFiles/CMakeTmp'
Makefile:126: recipe for target 'cmTC_bdc44/fast' failed
make: *** [cmTC_bdc44/fast] Error 2

File /home/ieisw/inference_engine_samples/CMakeFiles/CMakeTmp/CheckSymbolExists.c:
/* */
#include <pthread.h>

int main(int argc, char** argv)
{
  (void)argv;
#ifndef pthread_create
  return ((int*)(&pthread_create))[argc];
#else
  (void)argc;
  return 0;
#endif
}

Determining if the function pthread_create exists in the pthreads failed with the following output:
Change Dir: /home/ieisw/inference_engine_samples/CMakeFiles/CMakeTmp

Run Build Command:"/usr/bin/make" "cmTC_184b3/fast"
/usr/bin/make -f CMakeFiles/cmTC_184b3.dir/build.make CMakeFiles/cmTC_184b3.dir/build
make[1]: Entering directory '/home/ieisw/inference_engine_samples/CMakeFiles/CMakeTmp'
Building C object CMakeFiles/cmTC_184b3.dir/CheckFunctionExists.c.o
/usr/bin/cc    -DCHECK_FUNCTION_EXISTS=pthread_create -std=c++11   -o CMakeFiles/cmTC_184b3.dir/CheckFunctionExists.c.o   -c /usr/share/cmake-3.5/Modules/CheckFunctionExists.c
cc1: warning: command line option ‘-std=c++11’ is valid for C++/ObjC++ but not for C
Linking C executable cmTC_184b3
/usr/bin/cmake -E cmake_link_script CMakeFiles/cmTC_184b3.dir/link.txt --verbose=1
/usr/bin/cc   -DCHECK_FUNCTION_EXISTS=pthread_create -std=c++11    CMakeFiles/cmTC_184b3.dir/CheckFunctionExists.c.o  -o cmTC_184b3 -rdynamic -lpthreads 
/usr/bin/ld: cannot find -lpthreads
collect2: error: ld returned 1 exit status
CMakeFiles/cmTC_184b3.dir/build.make:97: recipe for target 'cmTC_184b3' failed
make[1]: *** [cmTC_184b3] Error 1
make[1]: Leaving directory '/home/ieisw/inference_engine_samples/CMakeFiles/CMakeTmp'
Makefile:126: recipe for target 'cmTC_184b3/fast' failed
make: *** [cmTC_184b3/fast] Error 2


